<?xml version="1.0" encoding="UTF-8" ?>
<testsuite tests="16" failures="0" name="com.pet.TestRunner" time="14.426" errors="0" skipped="0">
  <properties>
[...]
</properties>
  <testcase classname="Everything about your Pets" name="Uploads pet image using petId" time="2.756"/>
  <testcase classname="Everything about your Pets" name="Uploads pet image using petId" time="0.751"/>
  <testcase classname="Everything about your Pets" name="Add a new pet to the store" time="1.362"/>
  <testcase classname="Everything about your Pets" name="Add a new pet to the store with not enough info" time="0.683"/>
  <testcase classname="Everything about your Pets" name="update an existing pet information" time="0.628"/>
  <testcase classname="Everything about your Pets" name="update an existing pet with wrong information" time="0.621"/>
  <testcase classname="Everything about your Pets" name="customer finds Pets by status" time="0.632"/>
  <testcase classname="Everything about your Pets" name="customer finds Pets by status" time="0.616"/>
  <testcase classname="Everything about your Pets" name="customer finds Pets by status" time="0.622"/>
  <testcase classname="Everything about your Pets" name="Find pet info by id" time="1.293"/>
  <testcase classname="Everything about your Pets" name="Find pet info by incorrect id" time="1.255"/>
  <testcase classname="Everything about your Pets" name="updates a pet in store with some data" time="0.618"/>
  <testcase classname="Everything about your Pets" name="updates a pet in store with some data" time="0.654"/>
  <testcase classname="Everything about your Pets" name="delete a pet information" time="0.661"/>
  <testcase classname="Everything about your Pets" name="delete a pet information" time="0.66"/>
  <testcase classname="Everything about your Pets" name="delete a pet information" time="0.614"/>
</testsuite>